0 info it worked if it ends with ok
1 verbose cli [ '/usr/local/Cellar/node/5.4.1_1/bin/node',
1 verbose cli   '/usr/local/lib/node_modules/cnpm/node_modules/.bin/npm-for-cnpm',
1 verbose cli   '--userconfig=/Users/luanhaipeng/.cnpmrc',
1 verbose cli   '--disturl=http://npm.taobao.org/mirrors/node',
1 verbose cli   '--cache=/Users/luanhaipeng/.cnpm',
1 verbose cli   '--registry=http://registry.npm.taobao.org',
1 verbose cli   'install' ]
2 info using npm@2.6.0
3 info using node@v5.4.1
4 error install Couldn't read dependencies
5 verbose stack Error: ENOENT: no such file or directory, open '/Users/luanhaipeng/eim/webfront/client/package.json'
5 verbose stack     at Error (native)
6 verbose cwd /Users/luanhaipeng/eim/webfront/client
7 error Darwin 14.5.0
8 error argv "/usr/local/Cellar/node/5.4.1_1/bin/node" "/usr/local/lib/node_modules/cnpm/node_modules/.bin/npm-for-cnpm" "--userconfig=/Users/luanhaipeng/.cnpmrc" "--disturl=http://npm.taobao.org/mirrors/node" "--cache=/Users/luanhaipeng/.cnpm" "--registry=http://registry.npm.taobao.org" "install"
9 error node v5.4.1
10 error npm  v2.6.0
11 error path /Users/luanhaipeng/eim/webfront/client/package.json
12 error code ENOPACKAGEJSON
13 error errno -2
14 error syscall open
15 error package.json ENOENT: no such file or directory, open '/Users/luanhaipeng/eim/webfront/client/package.json'
15 error package.json This is most likely not a problem with npm itself.
15 error package.json npm can't find a package.json file in your current directory.
16 verbose exit [ -2, true ]
